#
# There is insufficient memory for the Java Runtime Environment to continue.
# Native memory allocation (malloc) failed to allocate 1048336 bytes for Chunk::new
# Possible reasons:
#   The system is out of physical RAM or swap space
#   The process is running with CompressedOops enabled, and the Java Heap may be blocking the growth of the native heap
# Possible solutions:
#   Reduce memory load on the system
#   Increase physical memory or swap space
#   Check if swap backing store is full
#   Decrease Java heap size (-Xmx/-Xms)
#   Decrease number of Java threads
#   Decrease Java thread stack sizes (-Xss)
#   Set larger code cache with -XX:ReservedCodeCacheSize=
#   JVM is running with Unscaled Compressed Oops mode in which the Java heap is
#     placed in the first 4GB address space. The Java Heap base address is the
#     maximum limit for the native heap growth. Please use -XX:HeapBaseMinAddress
#     to set the Java Heap base and to place the Java Heap above 4GB virtual address.
# This output file may be truncated or incomplete.
#
#  Out of Memory Error (./src/hotspot/share/memory/arena.cpp:197), pid=9264, tid=8264
#
# JRE version: OpenJDK Runtime Environment (11.0.8+10) (build 11.0.8+10-b944.6842174)
# Java VM: OpenJDK 64-Bit Server VM (11.0.8+10-b944.6842174, mixed mode, tiered, compressed oops, g1 gc, windows-amd64)
# No core dump will be written. Minidumps are not enabled by default on client versions of Windows
#

---------------  S U M M A R Y ------------

Command Line: --add-opens=java.base/java.util=ALL-UNNAMED --add-opens=java.base/java.lang=ALL-UNNAMED --add-opens=java.base/java.lang.invoke=ALL-UNNAMED --add-opens=java.prefs/java.util.prefs=ALL-UNNAMED -Xmx2048m -Dfile.encoding=UTF-8 -Duser.country=US -Duser.language=en -Duser.variant org.gradle.launcher.daemon.bootstrap.GradleDaemon 6.7.1

Host: Intel(R) Core(TM) i3-8145U CPU @ 2.10GHz, 4 cores, 7G,  Windows 10 , 64 bit Build 19041 (10.0.19041.1023)
Time: Wed Jun 23 19:26:26 2021 India Standard Time elapsed time: 12 seconds (0d 0h 0m 12s)

---------------  T H R E A D  ---------------

Current thread (0x00000151ef73b000):  JavaThread "C2 CompilerThread0" daemon [_thread_in_native, id=8264, stack(0x0000004c29d00000,0x0000004c29e00000)]


Current CompileTask:
C2:  12019 3173       4       org.objectweb.asm.Frame::execute (2318 bytes)

Stack: [0x0000004c29d00000,0x0000004c29e00000]
Native frames: (J=compiled Java code, j=interpreted, Vv=VM code, C=native code)
V  [jvm.dll+0x5de50a]
V  [jvm.dll+0x7122f5]
V  [jvm.dll+0x71384d]
V  [jvm.dll+0x713f03]
V  [jvm.dll+0x23e728]
V  [jvm.dll+0xb899c]
V  [jvm.dll+0xb8e9c]
V  [jvm.dll+0x2b20e4]
V  [jvm.dll+0x502098]
V  [jvm.dll+0x1ff393]
V  [jvm.dll+0x1f917c]
V  [jvm.dll+0x1f685f]
V  [jvm.dll+0x17f32c]
V  [jvm.dll+0x205047]
V  [jvm.dll+0x203891]
V  [jvm.dll+0x6dad3f]
V  [jvm.dll+0x6d3895]
V  [jvm.dll+0x5dd4a6]
C  [ucrtbase.dll+0x21bb2]
C  [KERNEL32.DLL+0x17034]
C  [ntdll.dll+0x52651]


---------------  P R O C E S S  ---------------

Threads class SMR info:
_java_thread_list=0x00000151f4caa460, length=30, elements={
0x00000151d5539800, 0x00000151ef71d000, 0x00000151ef720800, 0x00000151f00b3800,
0x00000151ef737000, 0x00000151ef73b000, 0x00000151ef747000, 0x00000151ef749800,
0x00000151f01e6800, 0x00000151f01f4000, 0x00000151f1661800, 0x00000151f1b93000,
0x00000151f0e55000, 0x00000151f02f6000, 0x00000151f13d6800, 0x00000151f152e000,
0x00000151f1ea2000, 0x00000151f1f59000, 0x00000151f1426000, 0x00000151f1426800,
0x00000151f2126800, 0x00000151f2127000, 0x00000151f212b800, 0x00000151f2128000,
0x00000151f2129000, 0x00000151f212a800, 0x00000151f2125800, 0x00000151f2129800,
0x00000151f212c000, 0x00000151f4906000
}

Java Threads: ( => current thread )
  0x00000151d5539800 JavaThread "main" [_thread_blocked, id=18076, stack(0x0000004c29200000,0x0000004c29300000)]
  0x00000151ef71d000 JavaThread "Reference Handler" daemon [_thread_blocked, id=12220, stack(0x0000004c29900000,0x0000004c29a00000)]
  0x00000151ef720800 JavaThread "Finalizer" daemon [_thread_blocked, id=14424, stack(0x0000004c29a00000,0x0000004c29b00000)]
  0x00000151f00b3800 JavaThread "Signal Dispatcher" daemon [_thread_blocked, id=16380, stack(0x0000004c29b00000,0x0000004c29c00000)]
  0x00000151ef737000 JavaThread "Attach Listener" daemon [_thread_blocked, id=6368, stack(0x0000004c29c00000,0x0000004c29d00000)]
=>0x00000151ef73b000 JavaThread "C2 CompilerThread0" daemon [_thread_in_native, id=8264, stack(0x0000004c29d00000,0x0000004c29e00000)]
  0x00000151ef747000 JavaThread "C1 CompilerThread0" daemon [_thread_blocked, id=10908, stack(0x0000004c29e00000,0x0000004c29f00000)]
  0x00000151ef749800 JavaThread "Sweeper thread" daemon [_thread_blocked, id=2704, stack(0x0000004c29f00000,0x0000004c2a000000)]
  0x00000151f01e6800 JavaThread "Common-Cleaner" daemon [_thread_blocked, id=20532, stack(0x0000004c2a000000,0x0000004c2a100000)]
  0x00000151f01f4000 JavaThread "Service Thread" daemon [_thread_blocked, id=11064, stack(0x0000004c2a100000,0x0000004c2a200000)]
  0x00000151f1661800 JavaThread "Daemon health stats" [_thread_blocked, id=12704, stack(0x0000004c2a600000,0x0000004c2a700000)]
  0x00000151f1b93000 JavaThread "Incoming local TCP Connector on port 63885" [_thread_in_native, id=20104, stack(0x0000004c2a800000,0x0000004c2a900000)]
  0x00000151f0e55000 JavaThread "Daemon periodic checks" [_thread_blocked, id=20320, stack(0x0000004c2a900000,0x0000004c2aa00000)]
  0x00000151f02f6000 JavaThread "Daemon" [_thread_blocked, id=15728, stack(0x0000004c2aa00000,0x0000004c2ab00000)]
  0x00000151f13d6800 JavaThread "Handler for socket connection from /127.0.0.1:63885 to /127.0.0.1:63886" [_thread_in_native, id=18940, stack(0x0000004c2ab00000,0x0000004c2ac00000)]
  0x00000151f152e000 JavaThread "Cancel handler" [_thread_blocked, id=13168, stack(0x0000004c2ac00000,0x0000004c2ad00000)]
  0x00000151f1ea2000 JavaThread "Daemon worker" [_thread_in_native, id=2248, stack(0x0000004c2ad00000,0x0000004c2ae00000)]
  0x00000151f1f59000 JavaThread "Asynchronous log dispatcher for DefaultDaemonConnection: socket connection from /127.0.0.1:63885 to /127.0.0.1:63886" [_thread_blocked, id=19588, stack(0x0000004c2ae00000,0x0000004c2af00000)]
  0x00000151f1426000 JavaThread "Stdin handler" [_thread_blocked, id=10080, stack(0x0000004c2af00000,0x0000004c2b000000)]
  0x00000151f1426800 JavaThread "Thread-8" [_thread_blocked, id=13936, stack(0x0000004c2b000000,0x0000004c2b100000)]
  0x00000151f2126800 JavaThread "Cache worker for file hash cache (C:\Users\Admin\.gradle\caches\6.7.1\fileHashes)" [_thread_blocked, id=20148, stack(0x0000004c2b200000,0x0000004c2b300000)]
  0x00000151f2127000 JavaThread "File lock request listener" [_thread_in_native, id=11040, stack(0x0000004c2b300000,0x0000004c2b400000)]
  0x00000151f212b800 JavaThread "Cache worker for journal cache (C:\Users\Admin\.gradle\caches\journal-1)" [_thread_blocked, id=12416, stack(0x0000004c2b400000,0x0000004c2b500000)]
  0x00000151f2128000 JavaThread "Cache worker for file hash cache (C:\Users\Admin\StudioProjects\DiceRoller\.gradle\6.7.1\fileHashes)" [_thread_blocked, id=13296, stack(0x0000004c2b600000,0x0000004c2b700000)]
  0x00000151f2129000 JavaThread "Cache worker for checksums cache (C:\Users\Admin\StudioProjects\DiceRoller\.gradle\checksums)" [_thread_blocked, id=17548, stack(0x0000004c2b500000,0x0000004c2b600000)]
  0x00000151f212a800 JavaThread "Cache worker for cache directory md-supplier (C:\Users\Admin\.gradle\caches\6.7.1\md-supplier)" [_thread_blocked, id=18080, stack(0x0000004c2b700000,0x0000004c2b800000)]
  0x00000151f2125800 JavaThread "Cache worker for cache directory md-rule (C:\Users\Admin\.gradle\caches\6.7.1\md-rule)" [_thread_blocked, id=16744, stack(0x0000004c2b800000,0x0000004c2b900000)]
  0x00000151f2129800 JavaThread "Cache worker for execution history cache (C:\Users\Admin\.gradle\caches\6.7.1\executionHistory)" [_thread_blocked, id=1172, stack(0x0000004c2ba00000,0x0000004c2bb00000)]
  0x00000151f212c000 JavaThread "jar transforms" [_thread_blocked, id=7756, stack(0x0000004c2b900000,0x0000004c2ba00000)]
  0x00000151f4906000 JavaThread "Cache worker for file content cache (C:\Users\Admin\.gradle\caches\6.7.1\fileContent)" [_thread_blocked, id=19428, stack(0x0000004c2bb00000,0x0000004c2bc00000)]

Other Threads:
  0x00000151ef717800 VMThread "VM Thread" [stack: 0x0000004c29800000,0x0000004c29900000] [id=15656]
  0x00000151f01f5000 WatcherThread [stack: 0x0000004c2a200000,0x0000004c2a300000] [id=17664]
  0x00000151d5550800 GCTaskThread "GC Thread#0" [stack: 0x0000004c29300000,0x0000004c29400000] [id=20476]
  0x00000151f04cc800 GCTaskThread "GC Thread#1" [stack: 0x0000004c2a400000,0x0000004c2a500000] [id=16140]
  0x00000151f09f1800 GCTaskThread "GC Thread#2" [stack: 0x0000004c2a500000,0x0000004c2a600000] [id=12984]
  0x00000151f0647800 GCTaskThread "GC Thread#3" [stack: 0x0000004c2b100000,0x0000004c2b200000] [id=12500]
  0x00000151d5581800 ConcurrentGCThread "G1 Main Marker" [stack: 0x0000004c29400000,0x0000004c29500000] [id=3556]
  0x00000151d5583800 ConcurrentGCThread "G1 Conc#0" [stack: 0x0000004c29500000,0x0000004c29600000] [id=16508]
  0x00000151d5615800 ConcurrentGCThread "G1 Refine#0" [stack: 0x0000004c29600000,0x0000004c29700000] [id=21396]
  0x00000151d5616800 ConcurrentGCThread "G1 Young RemSet Sampling" [stack: 0x0000004c29700000,0x0000004c29800000] [id=8460]

Threads with active compile tasks:
C2 CompilerThread0  12054 3173       4       org.objectweb.asm.Frame::execute (2318 bytes)

VM state:not at safepoint (normal execution)

VM Mutex/Monitor currently owned by a thread: None

Heap address: 0x0000000080000000, size: 2048 MB, Compressed Oops mode: 32-bit
Narrow klass base: 0x0000000000000000, Narrow klass shift: 3
Compressed class space size: 1073741824 Address: 0x0000000100000000

Heap:
 garbage-first heap   total 155648K, used 80797K [0x0000000080000000, 0x0000000100000000)
  region size 1024K, 62 young (63488K), 6 survivors (6144K)
 Metaspace       used 40620K, capacity 41503K, committed 41600K, reserved 1085440K
  class space    used 5186K, capacity 5501K, committed 5504K, reserved 1048576K
Heap Regions: E=young(eden), S=young(survivor), O=old, HS=humongous(starts), HC=humongous(continues), CS=collection set, F=free, A=archive, TAMS=top-at-mark-start (previous, next)
|   0|0x0000000080000000, 0x0000000080100000, 0x0000000080100000|100%| O|  |TAMS 0x0000000080100000, 0x0000000080000000| Untracked 
|   1|0x0000000080100000, 0x0000000080200000, 0x0000000080200000|100%| O|  |TAMS 0x0000000080200000, 0x0000000080100000| Untracked 
|   2|0x0000000080200000, 0x0000000080300000, 0x0000000080300000|100%| O|  |TAMS 0x0000000080300000, 0x0000000080200000| Untracked 
|   3|0x0000000080300000, 0x0000000080400000, 0x0000000080400000|100%|HS|  |TAMS 0x0000000080400000, 0x0000000080300000| Complete 
|   4|0x0000000080400000, 0x0000000080500000, 0x0000000080500000|100%|HC|  |TAMS 0x0000000080500000, 0x0000000080400000| Complete 
|   5|0x0000000080500000, 0x0000000080600000, 0x0000000080600000|100%|HC|  |TAMS 0x0000000080600000, 0x0000000080500000| Complete 
|   6|0x0000000080600000, 0x0000000080700000, 0x0000000080700000|100%| O|  |TAMS 0x0000000080700000, 0x0000000080600000| Untracked 
|   7|0x0000000080700000, 0x0000000080800000, 0x0000000080800000|100%| O|  |TAMS 0x0000000080800000, 0x0000000080700000| Untracked 
|   8|0x0000000080800000, 0x0000000080900000, 0x0000000080900000|100%| O|  |TAMS 0x0000000080900000, 0x0000000080800000| Untracked 
|   9|0x0000000080900000, 0x0000000080a00000, 0x0000000080a00000|100%| O|  |TAMS 0x0000000080a00000, 0x0000000080900000| Untracked 
|  10|0x0000000080a00000, 0x0000000080b00000, 0x0000000080b00000|100%| O|  |TAMS 0x0000000080b00000, 0x0000000080a00000| Untracked 
|  11|0x0000000080b00000, 0x0000000080c00000, 0x0000000080c00000|100%| O|  |TAMS 0x0000000080c00000, 0x0000000080b00000| Untracked 
|  12|0x0000000080c00000, 0x0000000080d00000, 0x0000000080d00000|100%| O|  |TAMS 0x0000000080d00000, 0x0000000080c00000| Untracked 
|  13|0x0000000080d00000, 0x0000000080e00000, 0x0000000080e00000|100%| O|  |TAMS 0x0000000080e00000, 0x0000000080d00000| Untracked 
|  14|0x0000000080e00000, 0x0000000080f00000, 0x0000000080f00000|100%| O|  |TAMS 0x0000000080f00000, 0x0000000080e00000| Untracked 
|  15|0x0000000080f00000, 0x0000000080f27800, 0x0000000081000000| 15%| O|  |TAMS 0x0000000080f27800, 0x0000000080f00000| Untracked 
|  16|0x0000000081000000, 0x0000000081100000, 0x0000000081100000|100%|HS|  |TAMS 0x0000000081000000, 0x0000000081000000| Complete 
|  17|0x0000000081100000, 0x0000000081200000, 0x0000000081200000|100%|HS|  |TAMS 0x0000000081100000, 0x0000000081100000| Complete 
|  18|0x0000000081200000, 0x0000000081300000, 0x0000000081300000|100%|HC|  |TAMS 0x0000000081200000, 0x0000000081200000| Complete 
|  19|0x0000000081300000, 0x0000000081400000, 0x0000000081400000|100%|HS|  |TAMS 0x0000000081300000, 0x0000000081300000| Complete 
|  20|0x0000000081400000, 0x0000000081400000, 0x0000000081500000|  0%| F|  |TAMS 0x0000000081400000, 0x0000000081400000| Untracked 
|  21|0x0000000081500000, 0x0000000081500000, 0x0000000081600000|  0%| F|  |TAMS 0x0000000081500000, 0x0000000081500000| Untracked 
|  22|0x0000000081600000, 0x0000000081600000, 0x0000000081700000|  0%| F|  |TAMS 0x0000000081600000, 0x0000000081600000| Untracked 
|  23|0x0000000081700000, 0x0000000081700000, 0x0000000081800000|  0%| F|  |TAMS 0x0000000081700000, 0x0000000081700000| Untracked 
|  24|0x0000000081800000, 0x0000000081800000, 0x0000000081900000|  0%| F|  |TAMS 0x0000000081800000, 0x0000000081800000| Untracked 
|  25|0x0000000081900000, 0x0000000081900000, 0x0000000081a00000|  0%| F|  |TAMS 0x0000000081900000, 0x0000000081900000| Untracked 
|  26|0x0000000081a00000, 0x0000000081a00000, 0x0000000081b00000|  0%| F|  |TAMS 0x0000000081a00000, 0x0000000081a00000| Untracked 
|  27|0x0000000081b00000, 0x0000000081b00000, 0x0000000081c00000|  0%| F|  |TAMS 0x0000000081b00000, 0x0000000081b00000| Untracked 
|  28|0x0000000081c00000, 0x0000000081c00000, 0x0000000081d00000|  0%| F|  |TAMS 0x0000000081c00000, 0x0000000081c00000| Untracked 
|  29|0x0000000081d00000, 0x0000000081d00000, 0x0000000081e00000|  0%| F|  |TAMS 0x0000000081d00000, 0x0000000081d00000| Untracked 
|  30|0x0000000081e00000, 0x0000000081e00000, 0x0000000081f00000|  0%| F|  |TAMS 0x0000000081e00000, 0x0000000081e00000| Untracked 
|  31|0x0000000081f00000, 0x0000000081f00000, 0x0000000082000000|  0%| F|  |TAMS 0x0000000081f00000, 0x0000000081f00000| Untracked 
|  32|0x0000000082000000, 0x0000000082000000, 0x0000000082100000|  0%| F|  |TAMS 0x0000000082000000, 0x0000000082000000| Untracked 
|  33|0x0000000082100000, 0x0000000082100000, 0x0000000082200000|  0%| F|  |TAMS 0x0000000082100000, 0x0000000082100000| Untracked 
|  34|0x0000000082200000, 0x0000000082200000, 0x0000000082300000|  0%| F|  |TAMS 0x0000000082200000, 0x0000000082200000| Untracked 
|  35|0x0000000082300000, 0x0000000082300000, 0x0000000082400000|  0%| F|  |TAMS 0x0000000082300000, 0x0000000082300000| Untracked 
|  36|0x0000000082400000, 0x0000000082400000, 0x0000000082500000|  0%| F|  |TAMS 0x0000000082400000, 0x0000000082400000| Untracked 
|  37|0x0000000082500000, 0x0000000082500000, 0x0000000082600000|  0%| F|  |TAMS 0x0000000082500000, 0x0000000082500000| Untracked 
|  38|0x0000000082600000, 0x0000000082600000, 0x0000000082700000|  0%| F|  |TAMS 0x0000000082600000, 0x0000000082600000| Untracked 
|  39|0x0000000082700000, 0x0000000082700000, 0x0000000082800000|  0%| F|  |TAMS 0x0000000082700000, 0x0000000082700000| Untracked 
|  40|0x0000000082800000, 0x0000000082800000, 0x0000000082900000|  0%| F|  |TAMS 0x0000000082800000, 0x0000000082800000| Untracked 
|  41|0x0000000082900000, 0x0000000082900000, 0x0000000082a00000|  0%| F|  |TAMS 0x0000000082900000, 0x0000000082900000| Untracked 
|  42|0x0000000082a00000, 0x0000000082a00000, 0x0000000082b00000|  0%| F|  |TAMS 0x0000000082a00000, 0x0000000082a00000| Untracked 
|  43|0x0000000082b00000, 0x0000000082b00000, 0x0000000082c00000|  0%| F|  |TAMS 0x0000000082b00000, 0x0000000082b00000| Untracked 
|  44|0x0000000082c00000, 0x0000000082c00000, 0x0000000082d00000|  0%| F|  |TAMS 0x0000000082c00000, 0x0000000082c00000| Untracked 
|  45|0x0000000082d00000, 0x0000000082d00000, 0x0000000082e00000|  0%| F|  |TAMS 0x0000000082d00000, 0x0000000082d00000| Untracked 
|  46|0x0000000082e00000, 0x0000000082e00000, 0x0000000082f00000|  0%| F|  |TAMS 0x0000000082e00000, 0x0000000082e00000| Untracked 
|  47|0x0000000082f00000, 0x0000000082f00000, 0x0000000083000000|  0%| F|  |TAMS 0x0000000082f00000, 0x0000000082f00000| Untracked 
|  48|0x0000000083000000, 0x0000000083000000, 0x0000000083100000|  0%| F|  |TAMS 0x0000000083000000, 0x0000000083000000| Untracked 
|  49|0x0000000083100000, 0x0000000083100000, 0x0000000083200000|  0%| F|  |TAMS 0x0000000083100000, 0x0000000083100000| Untracked 
|  50|0x0000000083200000, 0x0000000083200000, 0x0000000083300000|  0%| F|  |TAMS 0x0000000083200000, 0x0000000083200000| Untracked 
|  51|0x0000000083300000, 0x0000000083300000, 0x0000000083400000|  0%| F|  |TAMS 0x0000000083300000, 0x0000000083300000| Untracked 
|  52|0x0000000083400000, 0x0000000083400000, 0x0000000083500000|  0%| F|  |TAMS 0x0000000083400000, 0x0000000083400000| Untracked 
|  53|0x0000000083500000, 0x0000000083500000, 0x0000000083600000|  0%| F|  |TAMS 0x0000000083500000, 0x0000000083500000| Untracked 
|  54|0x0000000083600000, 0x0000000083600000, 0x0000000083700000|  0%| F|  |TAMS 0x0000000083600000, 0x0000000083600000| Untracked 
|  55|0x0000000083700000, 0x0000000083700000, 0x0000000083800000|  0%| F|  |TAMS 0x0000000083700000, 0x0000000083700000| Untracked 
|  56|0x0000000083800000, 0x0000000083800000, 0x0000000083900000|  0%| F|  |TAMS 0x0000000083800000, 0x0000000083800000| Untracked 
|  57|0x0000000083900000, 0x0000000083900000, 0x0000000083a00000|  0%| F|  |TAMS 0x0000000083900000, 0x0000000083900000| Untracked 
|  58|0x0000000083a00000, 0x0000000083a00000, 0x0000000083b00000|  0%| F|  |TAMS 0x0000000083a00000, 0x0000000083a00000| Untracked 
|  59|0x0000000083b00000, 0x0000000083b00000, 0x0000000083c00000|  0%| F|  |TAMS 0x0000000083b00000, 0x0000000083b00000| Untracked 
|  60|0x0000000083c00000, 0x0000000083c00000, 0x0000000083d00000|  0%| F|  |TAMS 0x0000000083c00000, 0x0000000083c00000| Untracked 
|  61|0x0000000083d00000, 0x0000000083d00000, 0x0000000083e00000|  0%| F|  |TAMS 0x0000000083d00000, 0x0000000083d00000| Untracked 
|  62|0x0000000083e00000, 0x0000000083e00000, 0x0000000083f00000|  0%| F|  |TAMS 0x0000000083e00000, 0x0000000083e00000| Untracked 
|  63|0x0000000083f00000, 0x0000000083f00000, 0x0000000084000000|  0%| F|  |TAMS 0x0000000083f00000, 0x0000000083f00000| Untracked 
|  64|0x0000000084000000, 0x0000000084000000, 0x0000000084100000|  0%| F|  |TAMS 0x0000000084000000, 0x0000000084000000| Untracked 
|  65|0x0000000084100000, 0x0000000084100000, 0x0000000084200000|  0%| F|  |TAMS 0x0000000084100000, 0x0000000084100000| Untracked 
|  66|0x0000000084200000, 0x0000000084200000, 0x0000000084300000|  0%| F|  |TAMS 0x0000000084200000, 0x0000000084200000| Untracked 
|  67|0x0000000084300000, 0x0000000084300000, 0x0000000084400000|  0%| F|  |TAMS 0x0000000084300000, 0x0000000084300000| Untracked 
|  68|0x0000000084400000, 0x0000000084400000, 0x0000000084500000|  0%| F|  |TAMS 0x0000000084400000, 0x0000000084400000| Untracked 
|  69|0x0000000084500000, 0x0000000084500000, 0x0000000084600000|  0%| F|  |TAMS 0x0000000084500000, 0x0000000084500000| Untracked 
|  70|0x0000000084600000, 0x0000000084600000, 0x0000000084700000|  0%| F|  |TAMS 0x0000000084600000, 0x0000000084600000| Untracked 
|  71|0x0000000084700000, 0x0000000084700000, 0x0000000084800000|  0%| F|  |TAMS 0x0000000084700000, 0x0000000084700000| Untracked 
|  72|0x0000000084800000, 0x0000000084800000, 0x0000000084900000|  0%| F|  |TAMS 0x0000000084800000, 0x0000000084800000| Untracked 
|  73|0x0000000084900000, 0x0000000084900000, 0x0000000084a00000|  0%| F|  |TAMS 0x0000000084900000, 0x0000000084900000| Untracked 
|  74|0x0000000084a00000, 0x0000000084a00000, 0x0000000084b00000|  0%| F|  |TAMS 0x0000000084a00000, 0x0000000084a00000| Untracked 
|  75|0x0000000084b00000, 0x0000000084b00000, 0x0000000084c00000|  0%| F|  |TAMS 0x0000000084b00000, 0x0000000084b00000| Untracked 
|  76|0x0000000084c00000, 0x0000000084c00000, 0x0000000084d00000|  0%| F|  |TAMS 0x0000000084c00000, 0x0000000084c00000| Untracked 
|  77|0x0000000084d00000, 0x0000000084d00000, 0x0000000084e00000|  0%| F|  |TAMS 0x0000000084d00000, 0x0000000084d00000| Untracked 
|  78|0x0000000084e00000, 0x0000000084e00000, 0x0000000084f00000|  0%| F|  |TAMS 0x0000000084e00000, 0x0000000084e00000| Untracked 
|  79|0x0000000084f00000, 0x0000000084f00000, 0x0000000085000000|  0%| F|  |TAMS 0x0000000084f00000, 0x0000000084f00000| Untracked 
|  80|0x0000000085000000, 0x0000000085000000, 0x0000000085100000|  0%| F|  |TAMS 0x0000000085000000, 0x0000000085000000| Untracked 
|  81|0x0000000085100000, 0x0000000085100000, 0x0000000085200000|  0%| F|  |TAMS 0x0000000085100000, 0x0000000085100000| Untracked 
|  82|0x0000000085200000, 0x0000000085200000, 0x0000000085300000|  0%| F|  |TAMS 0x0000000085200000, 0x0000000085200000| Untracked 
|  83|0x0000000085300000, 0x0000000085300000, 0x0000000085400000|  0%| F|  |TAMS 0x0000000085300000, 0x0000000085300000| Untracked 
|  84|0x0000000085400000, 0x0000000085400000, 0x0000000085500000|  0%| F|  |TAMS 0x0000000085400000, 0x0000000085400000| Untracked 
|  85|0x0000000085500000, 0x0000000085500000, 0x0000000085600000|  0%| F|  |TAMS 0x0000000085500000, 0x0000000085500000| Untracked 
|  86|0x0000000085600000, 0x0000000085600000, 0x0000000085700000|  0%| F|  |TAMS 0x0000000085600000, 0x0000000085600000| Untracked 
|  87|0x0000000085700000, 0x0000000085700000, 0x0000000085800000|  0%| F|  |TAMS 0x0000000085700000, 0x0000000085700000| Untracked 
|  88|0x0000000085800000, 0x0000000085800000, 0x0000000085900000|  0%| F|  |TAMS 0x0000000085800000, 0x0000000085800000| Untracked 
|  89|0x0000000085900000, 0x0000000085900000, 0x0000000085a00000|  0%| F|  |TAMS 0x0000000085900000, 0x0000000085900000| Untracked 
|  90|0x0000000085a00000, 0x0000000085a80800, 0x0000000085b00000| 50%| E|  |TAMS 0x0000000085a00000, 0x0000000085a00000| Complete 
|  91|0x0000000085b00000, 0x0000000085c00000, 0x0000000085c00000|100%| E|CS|TAMS 0x0000000085b00000, 0x0000000085b00000| Complete 
|  92|0x0000000085c00000, 0x0000000085d00000, 0x0000000085d00000|100%| E|CS|TAMS 0x0000000085c00000, 0x0000000085c00000| Complete 
|  93|0x0000000085d00000, 0x0000000085e00000, 0x0000000085e00000|100%| E|CS|TAMS 0x0000000085d00000, 0x0000000085d00000| Complete 
|  94|0x0000000085e00000, 0x0000000085f00000, 0x0000000085f00000|100%| E|CS|TAMS 0x0000000085e00000, 0x0000000085e00000| Complete 
|  95|0x0000000085f00000, 0x0000000086000000, 0x0000000086000000|100%| E|CS|TAMS 0x0000000085f00000, 0x0000000085f00000| Complete 
|  96|0x0000000086000000, 0x0000000086100000, 0x0000000086100000|100%| E|CS|TAMS 0x0000000086000000, 0x0000000086000000| Complete 
|  97|0x0000000086100000, 0x0000000086200000, 0x0000000086200000|100%| E|CS|TAMS 0x0000000086100000, 0x0000000086100000| Complete 
|  98|0x0000000086200000, 0x0000000086300000, 0x0000000086300000|100%| E|CS|TAMS 0x0000000086200000, 0x0000000086200000| Complete 
|  99|0x0000000086300000, 0x0000000086400000, 0x0000000086400000|100%| E|CS|TAMS 0x0000000086300000, 0x0000000086300000| Complete 
| 100|0x0000000086400000, 0x0000000086500000, 0x0000000086500000|100%| E|CS|TAMS 0x0000000086400000, 0x0000000086400000| Complete 
| 101|0x0000000086500000, 0x0000000086600000, 0x0000000086600000|100%| E|CS|TAMS 0x0000000086500000, 0x0000000086500000| Complete 
| 102|0x0000000086600000, 0x0000000086700000, 0x0000000086700000|100%| E|CS|TAMS 0x0000000086600000, 0x0000000086600000| Complete 
| 103|0x0000000086700000, 0x0000000086800000, 0x0000000086800000|100%| E|CS|TAMS 0x0000000086700000, 0x0000000086700000| Complete 
| 104|0x0000000086800000, 0x0000000086900000, 0x0000000086900000|100%| E|CS|TAMS 0x0000000086800000, 0x0000000086800000| Complete 
| 105|0x0000000086900000, 0x0000000086a00000, 0x0000000086a00000|100%| E|CS|TAMS 0x0000000086900000, 0x0000000086900000| Complete 
| 106|0x0000000086a00000, 0x0000000086b00000, 0x0000000086b00000|100%| E|CS|TAMS 0x0000000086a00000, 0x0000000086a00000| Complete 
| 107|0x0000000086b00000, 0x0000000086c00000, 0x0000000086c00000|100%| E|CS|TAMS 0x0000000086b00000, 0x0000000086b00000| Complete 
| 108|0x0000000086c00000, 0x0000000086cbfec8, 0x0000000086d00000| 74%| S|CS|TAMS 0x0000000086c00000, 0x0000000086c00000| Complete 
| 109|0x0000000086d00000, 0x0000000086e00000, 0x0000000086e00000|100%| S|CS|TAMS 0x0000000086d00000, 0x0000000086d00000| Complete 
| 110|0x0000000086e00000, 0x0000000086f00000, 0x0000000086f00000|100%| S|CS|TAMS 0x0000000086e00000, 0x0000000086e00000| Complete 
| 111|0x0000000086f00000, 0x0000000087000000, 0x0000000087000000|100%| S|CS|TAMS 0x0000000086f00000, 0x0000000086f00000| Complete 
| 112|0x0000000087000000, 0x0000000087100000, 0x0000000087100000|100%| S|CS|TAMS 0x0000000087000000, 0x0000000087000000| Complete 
| 113|0x0000000087100000, 0x0000000087200000, 0x0000000087200000|100%| S|CS|TAMS 0x0000000087100000, 0x0000000087100000| Complete 
| 114|0x0000000087200000, 0x0000000087300000, 0x0000000087300000|100%| E|CS|TAMS 0x0000000087200000, 0x0000000087200000| Complete 
| 115|0x0000000087300000, 0x0000000087400000, 0x0000000087400000|100%| E|CS|TAMS 0x0000000087300000, 0x0000000087300000| Complete 
| 116|0x0000000087400000, 0x0000000087500000, 0x0000000087500000|100%| E|CS|TAMS 0x0000000087400000, 0x0000000087400000| Complete 
| 117|0x0000000087500000, 0x0000000087600000, 0x0000000087600000|100%| E|CS|TAMS 0x0000000087500000, 0x0000000087500000| Complete 
| 118|0x0000000087600000, 0x0000000087700000, 0x0000000087700000|100%| E|CS|TAMS 0x0000000087600000, 0x0000000087600000| Complete 
| 119|0x0000000087700000, 0x0000000087800000, 0x0000000087800000|100%| E|CS|TAMS 0x0000000087700000, 0x0000000087700000| Complete 
| 120|0x0000000087800000, 0x0000000087900000, 0x0000000087900000|100%| E|  |TAMS 0x0000000087800000, 0x0000000087800000| Complete 
| 121|0x0000000087900000, 0x0000000087a00000, 0x0000000087a00000|100%| E|CS|TAMS 0x0000000087900000, 0x0000000087900000| Complete 
| 122|0x0000000087a00000, 0x0000000087b00000, 0x0000000087b00000|100%| E|CS|TAMS 0x0000000087a00000, 0x0000000087a00000| Complete 
| 123|0x0000000087b00000, 0x0000000087c00000, 0x0000000087c00000|100%| E|CS|TAMS 0x0000000087b00000, 0x0000000087b00000| Complete 
| 124|0x0000000087c00000, 0x0000000087d00000, 0x0000000087d00000|100%| E|CS|TAMS 0x0000000087c00000, 0x0000000087c00000| Complete 
| 125|0x0000000087d00000, 0x0000000087e00000, 0x0000000087e00000|100%| E|CS|TAMS 0x0000000087d00000, 0x0000000087d00000| Complete 
| 126|0x0000000087e00000, 0x0000000087f00000, 0x0000000087f00000|100%| E|CS|TAMS 0x0000000087e00000, 0x0000000087e00000| Complete 
| 127|0x0000000087f00000, 0x0000000088000000, 0x0000000088000000|100%| E|CS|TAMS 0x0000000087f00000, 0x0000000087f00000| Complete 
| 128|0x0000000088000000, 0x0000000088100000, 0x0000000088100000|100%| E|CS|TAMS 0x0000000088000000, 0x0000000088000000| Complete 
| 129|0x0000000088100000, 0x0000000088200000, 0x0000000088200000|100%| E|CS|TAMS 0x0000000088100000, 0x0000000088100000| Complete 
| 130|0x0000000088200000, 0x0000000088300000, 0x0000000088300000|100%| E|CS|TAMS 0x0000000088200000, 0x0000000088200000| Complete 
| 131|0x0000000088300000, 0x0000000088400000, 0x0000000088400000|100%| E|CS|TAMS 0x0000000088300000, 0x0000000088300000| Complete 
| 132|0x0000000088400000, 0x0000000088500000, 0x0000000088500000|100%| E|CS|TAMS 0x0000000088400000, 0x0000000088400000| Complete 
| 133|0x0000000088500000, 0x0000000088600000, 0x0000000088600000|100%| E|CS|TAMS 0x0000000088500000, 0x0000000088500000| Complete 
| 134|0x0000000088600000, 0x0000000088700000, 0x0000000088700000|100%| E|CS|TAMS 0x0000000088600000, 0x0000000088600000| Complete 
| 135|0x0000000088700000, 0x0000000088800000, 0x0000000088800000|100%| E|CS|TAMS 0x0000000088700000, 0x0000000088700000| Complete 
| 136|0x0000000088800000, 0x0000000088900000, 0x0000000088900000|100%| E|CS|TAMS 0x0000000088800000, 0x0000000088800000| Complete 
| 137|0x0000000088900000, 0x0000000088a00000, 0x0000000088a00000|100%| E|CS|TAMS 0x0000000088900000, 0x0000000088900000| Complete 
| 138|0x0000000088a00000, 0x0000000088b00000, 0x0000000088b00000|100%| E|CS|TAMS 0x0000000088a00000, 0x0000000088a00000| Complete 
| 139|0x0000000088b00000, 0x0000000088c00000, 0x0000000088c00000|100%| E|CS|TAMS 0x0000000088b00000, 0x0000000088b00000| Complete 
| 140|0x0000000088c00000, 0x0000000088d00000, 0x0000000088d00000|100%| E|CS|TAMS 0x0000000088c00000, 0x0000000088c00000| Complete 
| 141|0x0000000088d00000, 0x0000000088e00000, 0x0000000088e00000|100%| E|CS|TAMS 0x0000000088d00000, 0x0000000088d00000| Complete 
| 142|0x0000000088e00000, 0x0000000088f00000, 0x0000000088f00000|100%| E|CS|TAMS 0x0000000088e00000, 0x0000000088e00000| Complete 
| 143|0x0000000088f00000, 0x0000000089000000, 0x0000000089000000|100%| E|CS|TAMS 0x0000000088f00000, 0x0000000088f00000| Complete 
| 144|0x0000000089000000, 0x0000000089100000, 0x0000000089100000|100%| E|CS|TAMS 0x0000000089000000, 0x0000000089000000| Complete 
| 145|0x0000000089100000, 0x0000000089200000, 0x0000000089200000|100%| E|CS|TAMS 0x0000000089100000, 0x0000000089100000| Complete 
| 146|0x0000000089200000, 0x0000000089300000, 0x0000000089300000|100%| E|CS|TAMS 0x0000000089200000, 0x0000000089200000| Complete 
| 147|0x0000000089300000, 0x0000000089400000, 0x0000000089400000|100%| E|CS|TAMS 0x0000000089300000, 0x0000000089300000| Complete 
| 148|0x0000000089400000, 0x0000000089500000, 0x0000000089500000|100%| E|CS|TAMS 0x0000000089400000, 0x0000000089400000| Complete 
| 149|0x0000000089500000, 0x0000000089600000, 0x0000000089600000|100%| E|CS|TAMS 0x0000000089500000, 0x0000000089500000| Complete 
| 150|0x0000000089600000, 0x0000000089700000, 0x0000000089700000|100%| E|CS|TAMS 0x0000000089600000, 0x0000000089600000| Complete 
| 151|0x0000000089700000, 0x0000000089800000, 0x0000000089800000|100%| E|CS|TAMS 0x0000000089700000, 0x0000000089700000| Complete 

Card table byte_map: [0x00000151e88e0000,0x00000151e8ce0000] _byte_map_base: 0x00000151e84e0000

Marking Bits (Prev, Next): (CMBitMap*) 0x00000151d55788e8, (CMBitMap*) 0x00000151d5578920
 Prev Bits: [0x00000151e90e0000, 0x00000151eb0e0000)
 Next Bits: [0x00000151eb0e0000, 0x00000151ed0e0000)

Polling page: 0x00000151d3d10000

Metaspace:

Usage:
  Non-class:     35.16 MB capacity,    34.62 MB ( 98%) used,   476.52 KB (  1%) free+waste,    77.75 KB ( <1%) overhead. 
      Class:      5.37 MB capacity,     5.07 MB ( 94%) used,   275.73 KB (  5%) free+waste,    37.06 KB ( <1%) overhead. 
       Both:     40.53 MB capacity,    39.68 MB ( 98%) used,   752.24 KB (  2%) free+waste,   114.81 KB ( <1%) overhead. 

Virtual space:
  Non-class space:       36.00 MB reserved,      35.25 MB ( 98%) committed 
      Class space:        1.00 GB reserved,       5.38 MB ( <1%) committed 
             Both:        1.04 GB reserved,      40.63 MB (  4%) committed 

Chunk freelists:
   Non-Class:  30.00 KB
       Class:  3.00 KB
        Both:  33.00 KB

MaxMetaspaceSize: 17179869184.00 GB
CompressedClassSpaceSize: 1.00 GB

CodeHeap 'non-profiled nmethods': size=120064Kb used=1549Kb max_used=1549Kb free=118514Kb
 bounds [0x00000151e0980000, 0x00000151e0bf0000, 0x00000151e7ec0000]
CodeHeap 'profiled nmethods': size=120000Kb used=6420Kb max_used=6420Kb free=113579Kb
 bounds [0x00000151d9450000, 0x00000151d9aa0000, 0x00000151e0980000]
CodeHeap 'non-nmethods': size=5696Kb used=2182Kb max_used=2205Kb free=3513Kb
 bounds [0x00000151d8ec0000, 0x00000151d9130000, 0x00000151d9450000]
 total_blobs=3732 nmethods=2991 adapters=652
 compilation: enabled
              stopped_count=0, restarted_count=0
 full_count=0

Compilation events (20 events):
Event: 11.981 Thread 0x00000151ef747000 3209       3       sun.reflect.annotation.AnnotationParser$1::run (5 bytes)
Event: 11.981 Thread 0x00000151ef747000 nmethod 3209 0x00000151d9a92090 code [0x00000151d9a92240, 0x00000151d9a92388]
Event: 11.981 Thread 0x00000151ef747000 3210       3       sun.reflect.annotation.AnnotationInvocationHandler::<init> (51 bytes)
Event: 11.982 Thread 0x00000151ef747000 nmethod 3210 0x00000151d9a92410 code [0x00000151d9a92620, 0x00000151d9a92b48]
Event: 11.982 Thread 0x00000151ef747000 3211       3       java.lang.reflect.Constructor::setAccessible (21 bytes)
Event: 11.983 Thread 0x00000151ef747000 nmethod 3211 0x00000151d9a92d90 code [0x00000151d9a92fc0, 0x00000151d9a935f8]
Event: 11.995 Thread 0x00000151ef747000 3212       3       org.gradle.internal.instantiation.generator.AbstractClassGenerator$PropertyTypePropertyHandler::visitProperty (29 bytes)
Event: 11.996 Thread 0x00000151ef747000 nmethod 3212 0x00000151d9a93810 code [0x00000151d9a93a60, 0x00000151d9a94338]
Event: 11.996 Thread 0x00000151ef747000 3216       3       org.gradle.internal.instantiation.generator.AbstractClassGenerator$ExtensibleTypePropertyHandler::claimPropertyImplementation (95 bytes)
Event: 11.997 Thread 0x00000151ef747000 nmethod 3216 0x00000151d9a94690 code [0x00000151d9a94900, 0x00000151d9a95218]
Event: 11.997 Thread 0x00000151ef747000 3213       3       org.gradle.internal.instantiation.generator.AbstractClassGenerator$ManagedPropertiesHandler::visitProperty (19 bytes)
Event: 11.998 Thread 0x00000151ef747000 nmethod 3213 0x00000151d9a95510 code [0x00000151d9a956e0, 0x00000151d9a95978]
Event: 11.998 Thread 0x00000151ef747000 3214       3       org.gradle.internal.instantiation.generator.AbstractClassGenerator::access$1700 (5 bytes)
Event: 11.998 Thread 0x00000151ef747000 nmethod 3214 0x00000151d9a95a90 code [0x00000151d9a95cc0, 0x00000151d9a96408]
Event: 11.998 Thread 0x00000151ef747000 3215       3       org.gradle.internal.instantiation.generator.AbstractClassGenerator::isEagerAttachProperty (33 bytes)
Event: 11.999 Thread 0x00000151ef747000 nmethod 3215 0x00000151d9a96610 code [0x00000151d9a968c0, 0x00000151d9a97638]
Event: 12.000 Thread 0x00000151ef747000 3217       3       org.gradle.internal.instantiation.generator.AbstractClassGenerator$DslMixInPropertyType::claimPropertyImplementation (21 bytes)
Event: 12.000 Thread 0x00000151ef747000 nmethod 3217 0x00000151d9a97a10 code [0x00000151d9a97be0, 0x00000151d9a97da8]
Event: 12.001 Thread 0x00000151ef747000 3218       3       com.google.common.base.Equivalence::hash (12 bytes)
Event: 12.002 Thread 0x00000151ef747000 nmethod 3218 0x00000151d9a97e90 code [0x00000151d9a98040, 0x00000151d9a98248]

GC Heap History (14 events):
Event: 0.663 GC heap before
{Heap before GC invocations=0 (full 0):
 garbage-first heap   total 129024K, used 19456K [0x0000000080000000, 0x0000000100000000)
  region size 1024K, 14 young (14336K), 0 survivors (0K)
 Metaspace       used 7441K, capacity 7615K, committed 7680K, reserved 1056768K
  class space    used 686K, capacity 748K, committed 768K, reserved 1048576K
}
Event: 0.668 GC heap after
{Heap after GC invocations=1 (full 0):
 garbage-first heap   total 129024K, used 7677K [0x0000000080000000, 0x0000000100000000)
  region size 1024K, 2 young (2048K), 2 survivors (2048K)
 Metaspace       used 7441K, capacity 7615K, committed 7680K, reserved 1056768K
  class space    used 686K, capacity 748K, committed 768K, reserved 1048576K
}
Event: 1.090 GC heap before
{Heap before GC invocations=1 (full 0):
 garbage-first heap   total 129024K, used 18941K [0x0000000080000000, 0x0000000100000000)
  region size 1024K, 13 young (13312K), 2 survivors (2048K)
 Metaspace       used 10432K, capacity 10644K, committed 11008K, reserved 1058816K
  class space    used 1100K, capacity 1164K, committed 1280K, reserved 1048576K
}
Event: 1.094 GC heap after
{Heap after GC invocations=2 (full 0):
 garbage-first heap   total 129024K, used 8758K [0x0000000080000000, 0x0000000100000000)
  region size 1024K, 1 young (1024K), 1 survivors (1024K)
 Metaspace       used 10432K, capacity 10644K, committed 11008K, reserved 1058816K
  class space    used 1100K, capacity 1164K, committed 1280K, reserved 1048576K
}
Event: 1.433 GC heap before
{Heap before GC invocations=2 (full 0):
 garbage-first heap   total 129024K, used 36406K [0x0000000080000000, 0x0000000100000000)
  region size 1024K, 28 young (28672K), 1 survivors (1024K)
 Metaspace       used 10605K, capacity 10773K, committed 11008K, reserved 1058816K
  class space    used 1101K, capacity 1164K, committed 1280K, reserved 1048576K
}
Event: 1.438 GC heap after
{Heap after GC invocations=3 (full 0):
 garbage-first heap   total 129024K, used 12723K [0x0000000080000000, 0x0000000100000000)
  region size 1024K, 4 young (4096K), 4 survivors (4096K)
 Metaspace       used 10605K, capacity 10773K, committed 11008K, reserved 1058816K
  class space    used 1101K, capacity 1164K, committed 1280K, reserved 1048576K
}
Event: 3.368 GC heap before
{Heap before GC invocations=3 (full 0):
 garbage-first heap   total 129024K, used 52659K [0x0000000080000000, 0x0000000100000000)
  region size 1024K, 43 young (44032K), 4 survivors (4096K)
 Metaspace       used 18455K, capacity 18857K, committed 19072K, reserved 1067008K
  class space    used 2212K, capacity 2359K, committed 2432K, reserved 1048576K
}
Event: 3.379 GC heap after
{Heap after GC invocations=4 (full 0):
 garbage-first heap   total 129024K, used 15835K [0x0000000080000000, 0x0000000100000000)
  region size 1024K, 4 young (4096K), 4 survivors (4096K)
 Metaspace       used 18455K, capacity 18857K, committed 19072K, reserved 1067008K
  class space    used 2212K, capacity 2359K, committed 2432K, reserved 1048576K
}
Event: 3.729 GC heap before
{Heap before GC invocations=4 (full 0):
 garbage-first heap   total 129024K, used 32219K [0x0000000080000000, 0x0000000100000000)
  region size 1024K, 21 young (21504K), 4 survivors (4096K)
 Metaspace       used 20618K, capacity 21109K, committed 21248K, reserved 1067008K
  class space    used 2531K, capacity 2710K, committed 2816K, reserved 1048576K
}
Event: 3.739 GC heap after
{Heap after GC invocations=5 (full 0):
 garbage-first heap   total 155648K, used 16242K [0x0000000080000000, 0x0000000100000000)
  region size 1024K, 4 young (4096K), 4 survivors (4096K)
 Metaspace       used 20618K, capacity 21109K, committed 21248K, reserved 1067008K
  class space    used 2531K, capacity 2710K, committed 2816K, reserved 1048576K
}
Event: 5.845 GC heap before
{Heap before GC invocations=6 (full 0):
 garbage-first heap   total 155648K, used 75634K [0x0000000080000000, 0x0000000100000000)
  region size 1024K, 63 young (64512K), 4 survivors (4096K)
 Metaspace       used 27166K, capacity 27807K, committed 27904K, reserved 1073152K
  class space    used 3582K, capacity 3820K, committed 3840K, reserved 1048576K
}
Event: 5.860 GC heap after
{Heap after GC invocations=7 (full 0):
 garbage-first heap   total 155648K, used 18591K [0x0000000080000000, 0x0000000100000000)
  region size 1024K, 6 young (6144K), 6 survivors (6144K)
 Metaspace       used 27166K, capacity 27807K, committed 27904K, reserved 1073152K
  class space    used 3582K, capacity 3820K, committed 3840K, reserved 1048576K
}
Event: 8.317 GC heap before
{Heap before GC invocations=7 (full 0):
 garbage-first heap   total 155648K, used 56479K [0x0000000080000000, 0x0000000100000000)
  region size 1024K, 44 young (45056K), 6 survivors (6144K)
 Metaspace       used 35079K, capacity 35773K, committed 35840K, reserved 1081344K
  class space    used 4567K, capacity 4856K, committed 4864K, reserved 1048576K
}
Event: 8.339 GC heap after
{Heap after GC invocations=8 (full 0):
 garbage-first heap   total 155648K, used 21405K [0x0000000080000000, 0x0000000100000000)
  region size 1024K, 6 young (6144K), 6 survivors (6144K)
 Metaspace       used 35079K, capacity 35773K, committed 35840K, reserved 1081344K
  class space    used 4567K, capacity 4856K, committed 4864K, reserved 1048576K
}

Deoptimization events (20 events):
Event: 11.410 Thread 0x00000151f1ea2000 Uncommon trap: trap_request=0xffffffde fr.pc=0x00000151e0aee568 relative=0x0000000000001a48
Event: 11.410 Thread 0x00000151f1ea2000 Uncommon trap: reason=class_check action=maybe_recompile pc=0x00000151e0aee568 method=org.codehaus.groovy.runtime.metaclass.MetaMethodIndex.addMethodToList(Ljava/lang/Object;Lgroovy/lang/MetaMethod;)Ljava/lang/Object; @ 240 c2
Event: 11.410 Thread 0x00000151f1ea2000 DEOPT PACKING pc=0x00000151e0aee568 sp=0x0000004c2adf9c80
Event: 11.410 Thread 0x00000151f1ea2000 DEOPT UNPACKING pc=0x00000151d8ee74af sp=0x0000004c2adf9c40 mode 2
Event: 11.410 Thread 0x00000151f1ea2000 Uncommon trap: trap_request=0xffffffde fr.pc=0x00000151e0aee568 relative=0x0000000000001a48
Event: 11.410 Thread 0x00000151f1ea2000 Uncommon trap: reason=class_check action=maybe_recompile pc=0x00000151e0aee568 method=org.codehaus.groovy.runtime.metaclass.MetaMethodIndex.addMethodToList(Ljava/lang/Object;Lgroovy/lang/MetaMethod;)Ljava/lang/Object; @ 240 c2
Event: 11.410 Thread 0x00000151f1ea2000 DEOPT PACKING pc=0x00000151e0aee568 sp=0x0000004c2adf9c80
Event: 11.411 Thread 0x00000151f1ea2000 DEOPT UNPACKING pc=0x00000151d8ee74af sp=0x0000004c2adf9c40 mode 2
Event: 11.411 Thread 0x00000151f1ea2000 Uncommon trap: trap_request=0xffffffde fr.pc=0x00000151e0aee568 relative=0x0000000000001a48
Event: 11.411 Thread 0x00000151f1ea2000 Uncommon trap: reason=class_check action=maybe_recompile pc=0x00000151e0aee568 method=org.codehaus.groovy.runtime.metaclass.MetaMethodIndex.addMethodToList(Ljava/lang/Object;Lgroovy/lang/MetaMethod;)Ljava/lang/Object; @ 240 c2
Event: 11.411 Thread 0x00000151f1ea2000 DEOPT PACKING pc=0x00000151e0aee568 sp=0x0000004c2adf9c80
Event: 11.411 Thread 0x00000151f1ea2000 DEOPT UNPACKING pc=0x00000151d8ee74af sp=0x0000004c2adf9c40 mode 2
Event: 11.411 Thread 0x00000151f1ea2000 Uncommon trap: trap_request=0xffffffde fr.pc=0x00000151e0aee568 relative=0x0000000000001a48
Event: 11.411 Thread 0x00000151f1ea2000 Uncommon trap: reason=class_check action=maybe_recompile pc=0x00000151e0aee568 method=org.codehaus.groovy.runtime.metaclass.MetaMethodIndex.addMethodToList(Ljava/lang/Object;Lgroovy/lang/MetaMethod;)Ljava/lang/Object; @ 240 c2
Event: 11.411 Thread 0x00000151f1ea2000 DEOPT PACKING pc=0x00000151e0aee568 sp=0x0000004c2adf9c80
Event: 11.411 Thread 0x00000151f1ea2000 DEOPT UNPACKING pc=0x00000151d8ee74af sp=0x0000004c2adf9c40 mode 2
Event: 11.573 Thread 0x00000151f1ea2000 Uncommon trap: trap_request=0xffffff4d fr.pc=0x00000151e0af2854 relative=0x0000000000001b54
Event: 11.573 Thread 0x00000151f1ea2000 Uncommon trap: reason=unstable_if action=reinterpret pc=0x00000151e0af2854 method=org.codehaus.groovy.runtime.metaclass.MetaMethodIndex.addMethodToList(Ljava/lang/Object;Lgroovy/lang/MetaMethod;)Ljava/lang/Object; @ 226 c2
Event: 11.573 Thread 0x00000151f1ea2000 DEOPT PACKING pc=0x00000151e0af2854 sp=0x0000004c2adf9150
Event: 11.573 Thread 0x00000151f1ea2000 DEOPT UNPACKING pc=0x00000151d8ee74af sp=0x0000004c2adf9110 mode 2

Classes redefined (0 events):
No events

Internal exceptions (20 events):
Event: 11.530 Thread 0x00000151f1ea2000 Exception <a 'java/lang/ClassNotFoundException'{0x00000000872f0640}: org/gradle/api/internal/initialization/DefaultScriptHandlerCustomizer> (0x00000000872f0640) thrown at [./src/hotspot/share/classfile/systemDictionary.cpp, line 231]
Event: 11.582 Thread 0x00000151f1ea2000 Exception <a 'java/lang/ClassNotFoundException'{0x0000000086bb9820}: org/gradle/api/internal/project/DefaultProject_DecoratedBeanInfo> (0x0000000086bb9820) thrown at [./src/hotspot/share/classfile/systemDictionary.cpp, line 231]
Event: 11.583 Thread 0x00000151f1ea2000 Exception <a 'java/lang/ClassNotFoundException'{0x0000000086bd8ec0}: org/gradle/api/internal/project/DefaultProjectBeanInfo> (0x0000000086bd8ec0) thrown at [./src/hotspot/share/classfile/systemDictionary.cpp, line 231]
Event: 11.584 Thread 0x00000151f1ea2000 Exception <a 'java/lang/ClassNotFoundException'{0x0000000086bf8830}: org/gradle/api/internal/project/DefaultProjectCustomizer> (0x0000000086bf8830) thrown at [./src/hotspot/share/classfile/systemDictionary.cpp, line 231]
Event: 11.595 Thread 0x00000151f1ea2000 Exception <a 'java/lang/ClassNotFoundException'{0x0000000086aa4688}: org/gradle/api/internal/project/DefaultProject_DecoratedCustomizer> (0x0000000086aa4688) thrown at [./src/hotspot/share/classfile/systemDictionary.cpp, line 231]
Event: 11.679 Thread 0x00000151f1ea2000 Exception <a 'java/lang/ClassNotFoundException'{0x000000008656a8e0}: org/gradle/api/internal/artifacts/dsl/DefaultRepositoryHandler_DecoratedBeanInfo> (0x000000008656a8e0) thrown at [./src/hotspot/share/classfile/systemDictionary.cpp, line 231]
Event: 11.728 Thread 0x00000151f1ea2000 Exception <a 'java/lang/ClassNotFoundException'{0x000000008659b358}: org/gradle/api/internal/artifacts/dsl/DefaultRepositoryHandlerBeanInfo> (0x000000008659b358) thrown at [./src/hotspot/share/classfile/systemDictionary.cpp, line 231]
Event: 11.731 Thread 0x00000151f1ea2000 Exception <a 'java/lang/ClassNotFoundException'{0x00000000865cdd68}: org/gradle/api/internal/artifacts/DefaultArtifactRepositoryContainerBeanInfo> (0x00000000865cdd68) thrown at [./src/hotspot/share/classfile/systemDictionary.cpp, line 231]
Event: 11.735 Thread 0x00000151f1ea2000 Exception <a 'java/lang/ClassNotFoundException'{0x00000000865f0b98}: org/gradle/api/internal/DefaultNamedDomainObjectListBeanInfo> (0x00000000865f0b98) thrown at [./src/hotspot/share/classfile/systemDictionary.cpp, line 231]
Event: 11.738 Thread 0x00000151f1ea2000 Exception <a 'java/lang/ClassNotFoundException'{0x0000000086414c98}: org/gradle/api/internal/DefaultNamedDomainObjectCollectionBeanInfo> (0x0000000086414c98) thrown at [./src/hotspot/share/classfile/systemDictionary.cpp, line 231]
Event: 11.746 Thread 0x00000151f1ea2000 Exception <a 'java/lang/ClassNotFoundException'{0x0000000086437b08}: org/gradle/api/internal/DefaultDomainObjectCollectionBeanInfo> (0x0000000086437b08) thrown at [./src/hotspot/share/classfile/systemDictionary.cpp, line 231]
Event: 11.747 Thread 0x00000151f1ea2000 Exception <a 'java/lang/ClassNotFoundException'{0x000000008643d5b0}: java/util/AbstractCollectionBeanInfo> (0x000000008643d5b0) thrown at [./src/hotspot/share/classfile/systemDictionary.cpp, line 231]
Event: 11.747 Thread 0x00000151f1ea2000 Exception <a 'java/lang/ClassNotFoundException'{0x0000000086443160}: java/util/AbstractCollectionCustomizer> (0x0000000086443160) thrown at [./src/hotspot/share/classfile/systemDictionary.cpp, line 231]
Event: 11.760 Thread 0x00000151f1ea2000 Exception <a 'java/lang/ClassNotFoundException'{0x000000008646ef10}: org/gradle/api/internal/DefaultDomainObjectCollectionCustomizer> (0x000000008646ef10) thrown at [./src/hotspot/share/classfile/systemDictionary.cpp, line 231]
Event: 11.771 Thread 0x00000151f1ea2000 Exception <a 'java/lang/ClassNotFoundException'{0x00000000864b01c0}: org/gradle/api/internal/DefaultNamedDomainObjectCollectionCustomizer> (0x00000000864b01c0) thrown at [./src/hotspot/share/classfile/systemDictionary.cpp, line 231]
Event: 11.781 Thread 0x00000151f1ea2000 Exception <a 'java/lang/ClassNotFoundException'{0x0000000086304f90}: org/gradle/api/internal/DefaultNamedDomainObjectListCustomizer> (0x0000000086304f90) thrown at [./src/hotspot/share/classfile/systemDictionary.cpp, line 231]
Event: 11.785 Thread 0x00000151f1ea2000 Exception <a 'java/lang/ClassNotFoundException'{0x0000000086350f48}: org/gradle/api/internal/artifacts/DefaultArtifactRepositoryContainerCustomizer> (0x0000000086350f48) thrown at [./src/hotspot/share/classfile/systemDictionary.cpp, line 231]
Event: 11.787 Thread 0x00000151f1ea2000 Exception <a 'java/lang/ClassNotFoundException'{0x0000000086392f50}: org/gradle/api/internal/artifacts/dsl/DefaultRepositoryHandlerCustomizer> (0x0000000086392f50) thrown at [./src/hotspot/share/classfile/systemDictionary.cpp, line 231]
Event: 11.790 Thread 0x00000151f1ea2000 Exception <a 'java/lang/ClassNotFoundException'{0x00000000863e60c0}: org/gradle/api/internal/artifacts/dsl/DefaultRepositoryHandler_DecoratedCustomizer> (0x00000000863e60c0) thrown at [./src/hotspot/share/classfile/systemDictionary.cpp, line 231]
Event: 11.877 Thread 0x00000151f1ea2000 Exception <a 'java/lang/NoSuchMethodError'{0x0000000085f40e08}: 'int java.lang.invoke.DirectMethodHandle$Holder.invokeStaticInit(java.lang.Object, java.lang.Object, java.lang.Object, java.lang.Object)'> (0x0000000085f40e08) thrown at [./src/hotspot/share/interpreter/linkResolver.cpp, line 773]

Events (20 events):
Event: 12.008 loading class org/gradle/api/internal/artifacts/DefaultProjectDependencyFactory
Event: 12.008 loading class org/gradle/api/internal/artifacts/DefaultProjectDependencyFactory done
Event: 12.009 loading class org/gradle/api/artifacts/ProjectDependency
Event: 12.009 loading class org/gradle/api/artifacts/ProjectDependency done
Event: 12.009 loading class org/gradle/api/artifacts/ModuleDependency
Event: 12.009 loading class org/gradle/api/artifacts/ModuleDependency done
Event: 12.010 loading class org/gradle/api/artifacts/SelfResolvingDependency
Event: 12.010 loading class org/gradle/api/artifacts/SelfResolvingDependency done
Event: 12.010 loading class org/gradle/api/internal/notations/ProjectDependencyFactory
Event: 12.010 loading class org/gradle/api/internal/notations/ProjectDependencyFactory done
Event: 12.012 loading class org/gradle/api/internal/artifacts/DefaultDependencyFactory
Event: 12.012 loading class org/gradle/api/internal/artifacts/DefaultDependencyFactory done
Event: 12.013 loading class org/gradle/api/internal/notations/DependencyNotationParser
Event: 12.013 loading class org/gradle/api/internal/notations/DependencyNotationParser done
Event: 12.014 loading class org/gradle/api/internal/artifacts/dependencies/DefaultExternalModuleDependency
Event: 12.014 loading class org/gradle/api/internal/artifacts/dependencies/DefaultExternalModuleDependency done
Event: 12.016 loading class org/gradle/api/artifacts/ExternalModuleDependency
Event: 12.016 loading class org/gradle/api/artifacts/ExternalModuleDependency done
Event: 12.016 loading class org/gradle/api/artifacts/ExternalDependency
Event: 12.016 loading class org/gradle/api/artifacts/ExternalDependency done


Dynamic libraries:
0x00007ff759c40000 - 0x00007ff759c4a000 	C:\Program Files\Android\Android Studio\jre\bin\java.exe
0x00007ffc91b90000 - 0x00007ffc91d85000 	C:\Windows\SYSTEM32\ntdll.dll
0x00007ffc910c0000 - 0x00007ffc9117d000 	C:\Windows\System32\KERNEL32.DLL
0x00007ffc8f560000 - 0x00007ffc8f828000 	C:\Windows\System32\KERNELBASE.dll
0x00007ffc8f2d0000 - 0x00007ffc8f3d0000 	C:\Windows\System32\ucrtbase.dll
0x00007ffc786f0000 - 0x00007ffc78707000 	C:\Program Files\Android\Android Studio\jre\bin\VCRUNTIME140.dll
0x00007ffc74300000 - 0x00007ffc74319000 	C:\Program Files\Android\Android Studio\jre\bin\jli.dll
0x00007ffc90ec0000 - 0x00007ffc91060000 	C:\Windows\System32\USER32.dll
0x00007ffc7dfe0000 - 0x00007ffc7e27a000 	C:\Windows\WinSxS\amd64_microsoft.windows.common-controls_6595b64144ccf1df_6.0.19041.1052_none_60b8f8fd71f5e8cb\COMCTL32.dll
0x00007ffc8f4e0000 - 0x00007ffc8f502000 	C:\Windows\System32\win32u.dll
0x00007ffc91650000 - 0x00007ffc916ee000 	C:\Windows\System32\msvcrt.dll
0x00007ffc90e20000 - 0x00007ffc90e4a000 	C:\Windows\System32\GDI32.dll
0x00007ffc8f830000 - 0x00007ffc8f93b000 	C:\Windows\System32\gdi32full.dll
0x00007ffc8faa0000 - 0x00007ffc8fb3d000 	C:\Windows\System32\msvcp_win.dll
0x00007ffc90000000 - 0x00007ffc90030000 	C:\Windows\System32\IMM32.DLL
0x00007ffc6ece0000 - 0x00007ffc6ed7d000 	C:\Program Files\Android\Android Studio\jre\bin\msvcp140.dll
0x00007ffc4f130000 - 0x00007ffc4fbec000 	C:\Program Files\Android\Android Studio\jre\bin\server\jvm.dll
0x00007ffc91aa0000 - 0x00007ffc91b4c000 	C:\Windows\System32\ADVAPI32.dll
0x00007ffc90640000 - 0x00007ffc906db000 	C:\Windows\System32\sechost.dll
0x00007ffc91840000 - 0x00007ffc9196b000 	C:\Windows\System32\RPCRT4.dll
0x00007ffc90580000 - 0x00007ffc90588000 	C:\Windows\System32\PSAPI.DLL
0x00007ffc89570000 - 0x00007ffc89579000 	C:\Windows\SYSTEM32\WSOCK32.dll
0x00007ffc78990000 - 0x00007ffc789b7000 	C:\Windows\SYSTEM32\WINMM.dll
0x00007ffc91750000 - 0x00007ffc917bb000 	C:\Windows\System32\WS2_32.dll
0x00007ffc87940000 - 0x00007ffc8794a000 	C:\Windows\SYSTEM32\VERSION.dll
0x00007ffc8dba0000 - 0x00007ffc8dbb2000 	C:\Windows\SYSTEM32\kernel.appcore.dll
0x00007ffc88f10000 - 0x00007ffc88f21000 	C:\Program Files\Android\Android Studio\jre\bin\verify.dll
0x00007ffc8d8a0000 - 0x00007ffc8da84000 	C:\Windows\SYSTEM32\DBGHELP.DLL
0x00007ffc7a8c0000 - 0x00007ffc7a8ec000 	C:\Windows\SYSTEM32\dbgcore.DLL
0x00007ffc8fb40000 - 0x00007ffc8fbc3000 	C:\Windows\System32\bcryptPrimitives.dll
0x00007ffc7d9e0000 - 0x00007ffc7da09000 	C:\Program Files\Android\Android Studio\jre\bin\java.dll
0x00007ffc89560000 - 0x00007ffc8956b000 	C:\Program Files\Android\Android Studio\jre\bin\jimage.dll
0x00007ffc86e60000 - 0x00007ffc86e78000 	C:\Program Files\Android\Android Studio\jre\bin\zip.dll
0x00007ffc906e0000 - 0x00007ffc90e1f000 	C:\Windows\System32\SHELL32.dll
0x00007ffc8d110000 - 0x00007ffc8d8a0000 	C:\Windows\SYSTEM32\windows.storage.dll
0x00007ffc8fca0000 - 0x00007ffc8fff5000 	C:\Windows\System32\combase.dll
0x00007ffc8ec70000 - 0x00007ffc8ec9c000 	C:\Windows\SYSTEM32\Wldp.dll
0x00007ffc90100000 - 0x00007ffc901ae000 	C:\Windows\System32\SHCORE.dll
0x00007ffc916f0000 - 0x00007ffc91745000 	C:\Windows\System32\shlwapi.dll
0x00007ffc8f210000 - 0x00007ffc8f22f000 	C:\Windows\SYSTEM32\profapi.dll
0x00007ffc86c50000 - 0x00007ffc86c6a000 	C:\Program Files\Android\Android Studio\jre\bin\net.dll
0x00007ffc7ea70000 - 0x00007ffc7eb7b000 	C:\Windows\SYSTEM32\WINHTTP.dll
0x00007ffc8e9e0000 - 0x00007ffc8ea4a000 	C:\Windows\system32\mswsock.dll
0x00007ffc86360000 - 0x00007ffc86374000 	C:\Program Files\Android\Android Studio\jre\bin\nio.dll
0x00007ffc7a7a0000 - 0x00007ffc7a7c6000 	C:\Users\Admin\.gradle\native\fdc75f09e3144964f2cf3f50f0aa648679c211496f362492102eb8c894070792\windows-amd64\native-platform.dll
0x00007ffc5da10000 - 0x00007ffc5dba1000 	C:\Users\Admin\.gradle\native\12488b8bf47d2d4c9fbf2f6322a914ad602e24e48041cd04a747c6da556b65c4\windows-amd64\native-platform-file-events.dll
0x00007ffc89000000 - 0x00007ffc8900a000 	C:\Program Files\Android\Android Studio\jre\bin\management.dll
0x00007ffc88f00000 - 0x00007ffc88f0c000 	C:\Program Files\Android\Android Studio\jre\bin\management_ext.dll
0x00007ffc8ebc0000 - 0x00007ffc8ebd8000 	C:\Windows\SYSTEM32\CRYPTSP.dll
0x00007ffc8e380000 - 0x00007ffc8e3b4000 	C:\Windows\system32\rsaenh.dll
0x00007ffc8fbd0000 - 0x00007ffc8fbf7000 	C:\Windows\System32\bcrypt.dll
0x00007ffc8f190000 - 0x00007ffc8f1be000 	C:\Windows\SYSTEM32\USERENV.dll
0x00007ffc8ebb0000 - 0x00007ffc8ebbc000 	C:\Windows\SYSTEM32\CRYPTBASE.dll
0x00007ffc8e6d0000 - 0x00007ffc8e70b000 	C:\Windows\SYSTEM32\IPHLPAPI.DLL
0x00007ffc90eb0000 - 0x00007ffc90eb8000 	C:\Windows\System32\NSI.dll
0x00007ffc7f720000 - 0x00007ffc7f737000 	C:\Windows\SYSTEM32\dhcpcsvc6.DLL
0x00007ffc83d40000 - 0x00007ffc83d5d000 	C:\Windows\SYSTEM32\dhcpcsvc.DLL
0x00007ffc8e710000 - 0x00007ffc8e7dc000 	C:\Windows\SYSTEM32\DNSAPI.dll
0x00007ffc85fa0000 - 0x00007ffc85fab000 	C:\Windows\SYSTEM32\WINNSI.DLL

dbghelp: loaded successfully - version: 4.0.5 - missing functions: none
symbol engine: initialized successfully - sym options: 0x614 - pdb path: .;C:\Program Files\Android\Android Studio\jre\bin;C:\Windows\SYSTEM32;C:\Windows\WinSxS\amd64_microsoft.windows.common-controls_6595b64144ccf1df_6.0.19041.1052_none_60b8f8fd71f5e8cb;C:\Program Files\Android\Android Studio\jre\bin\server;C:\Users\Admin\.gradle\native\fdc75f09e3144964f2cf3f50f0aa648679c211496f362492102eb8c894070792\windows-amd64;C:\Users\Admin\.gradle\native\12488b8bf47d2d4c9fbf2f6322a914ad602e24e48041cd04a747c6da556b65c4\windows-amd64

VM Arguments:
jvm_args: --add-opens=java.base/java.util=ALL-UNNAMED --add-opens=java.base/java.lang=ALL-UNNAMED --add-opens=java.base/java.lang.invoke=ALL-UNNAMED --add-opens=java.prefs/java.util.prefs=ALL-UNNAMED -Xmx2048m -Dfile.encoding=UTF-8 -Duser.country=US -Duser.language=en -Duser.variant 
java_command: org.gradle.launcher.daemon.bootstrap.GradleDaemon 6.7.1
java_class_path (initial): C:\Users\Admin\.gradle\wrapper\dists\gradle-6.7.1-bin\bwlcbys1h7rz3272sye1xwiv6\gradle-6.7.1\lib\gradle-launcher-6.7.1.jar
Launcher Type: SUN_STANDARD

[Global flags]
     intx CICompilerCount                          = 3                                         {product} {ergonomic}
     uint ConcGCThreads                            = 1                                         {product} {ergonomic}
     uint G1ConcRefinementThreads                  = 4                                         {product} {ergonomic}
   size_t G1HeapRegionSize                         = 1048576                                   {product} {ergonomic}
    uintx GCDrainStackTargetSize                   = 64                                        {product} {ergonomic}
   size_t InitialHeapSize                          = 132120576                                 {product} {ergonomic}
   size_t MarkStackSize                            = 4194304                                   {product} {ergonomic}
   size_t MaxHeapSize                              = 2147483648                                {product} {command line}
   size_t MaxNewSize                               = 1287651328                                {product} {ergonomic}
   size_t MinHeapDeltaBytes                        = 1048576                                   {product} {ergonomic}
    uintx NonNMethodCodeHeapSize                   = 5830732                                {pd product} {ergonomic}
    uintx NonProfiledCodeHeapSize                  = 122913754                              {pd product} {ergonomic}
    uintx ProfiledCodeHeapSize                     = 122913754                              {pd product} {ergonomic}
    uintx ReservedCodeCacheSize                    = 251658240                              {pd product} {ergonomic}
     bool SegmentedCodeCache                       = true                                      {product} {ergonomic}
     bool UseCompressedClassPointers               = true                                 {lp64_product} {ergonomic}
     bool UseCompressedOops                        = true                                 {lp64_product} {ergonomic}
     bool UseG1GC                                  = true                                      {product} {ergonomic}
     bool UseLargePagesIndividualAllocation        = false                                  {pd product} {ergonomic}

Logging:
Log output configuration:
 #0: stdout all=warning uptime,level,tags
 #1: stderr all=off uptime,level,tags

Environment Variables:
PATH=C:\ProgramData\Oracle\Java\javapath;C:\Program Files\Common Files\Oracle\Java\javapath;C:\Windows\system32;C:\Windows;C:\Windows\System32\Wbem;C:\Windows\System32\WindowsPowerShell\v1.0\;C:\Windows\System32\OpenSSH\;C:\Program Files\dotnet\;C:\Program Files\Git\cmd;C:\Program Files (x86)\dotnet\;C:\Users\Admin\AppData\Local\Programs\Python\Python39\Scripts\;C:\Users\Admin\AppData\Local\Programs\Python\Python39\;C:\Users\Admin\AppData\Local\Microsoft\WindowsApps;C:\ProgramData\Admin\GitHubDesktop\bin;C:\Users\Admin\.dotnet\tools;C:\src\flutter\bin;C:\Users\Admin\Documents\kotlinc\bin
USERNAME=Admin
OS=Windows_NT
PROCESSOR_IDENTIFIER=Intel64 Family 6 Model 142 Stepping 12, GenuineIntel



---------------  S Y S T E M  ---------------

OS: Windows 10 , 64 bit Build 19041 (10.0.19041.1023)
OS uptime: 8 days 20:38 hours

CPU:total 4 (initial active 4) (2 cores per cpu, 2 threads per core) family 6 model 142 stepping 12, cmov, cx8, fxsr, mmx, sse, sse2, sse3, ssse3, sse4.1, sse4.2, popcnt, avx, avx2, aes, clmul, erms, 3dnowpref, lzcnt, ht, tsc, tscinvbit, bmi1, bmi2, adx, fma

Memory: 4k page, system-wide physical 8063M (440M free)
TotalPageFile size 16255M (AvailPageFile size 2M)
current process WorkingSet (physical memory assigned to process): 225M, peak: 238M
current process commit charge ("private bytes"): 315M, peak: 329M

vm_info: OpenJDK 64-Bit Server VM (11.0.8+10-b944.6842174) for windows-amd64 JRE (11.0.8+10-b944.6842174), built on Sep 19 2020 01:11:42 by "builder" with MS VC++ 14.0 (VS2015)

END.
